Determining if the pthread_create exist failed with the following output:
Change Dir: /home/masta-p/aurora_test_ws/src/brain/build/CMakeFiles/CMakeTmp

Run Build Command:"/usr/bin/make" "cmTC_de36c/fast"
/usr/bin/make -f CMakeFiles/cmTC_de36c.dir/build.make CMakeFiles/cmTC_de36c.dir/build
make[1]: ingresso nella directory "/home/masta-p/aurora_test_ws/src/brain/build/CMakeFiles/CMakeTmp"
Building C object CMakeFiles/cmTC_de36c.dir/CheckSymbolExists.c.o
/usr/bin/gcc-7    -o CMakeFiles/cmTC_de36c.dir/CheckSymbolExists.c.o   -c /home/masta-p/aurora_test_ws/src/brain/build/CMakeFiles/CMakeTmp/CheckSymbolExists.c
Linking C executable cmTC_de36c
/usr/bin/cmake -E cmake_link_script CMakeFiles/cmTC_de36c.dir/link.txt --verbose=1
/usr/bin/gcc-7      -rdynamic CMakeFiles/cmTC_de36c.dir/CheckSymbolExists.c.o  -o cmTC_de36c 
CMakeFiles/cmTC_de36c.dir/CheckSymbolExists.c.o: nella funzione "main":
CheckSymbolExists.c:(.text+0x1b): riferimento non definito a "pthread_create"
collect2: error: ld returned 1 exit status
CMakeFiles/cmTC_de36c.dir/build.make:97: recipe for target 'cmTC_de36c' failed
make[1]: *** [cmTC_de36c] Error 1
make[1]: uscita dalla directory "/home/masta-p/aurora_test_ws/src/brain/build/CMakeFiles/CMakeTmp"
Makefile:126: recipe for target 'cmTC_de36c/fast' failed
make: *** [cmTC_de36c/fast] Error 2

File /home/masta-p/aurora_test_ws/src/brain/build/CMakeFiles/CMakeTmp/CheckSymbolExists.c:
/* */
#include <pthread.h>

int main(int argc, char** argv)
{
  (void)argv;
#ifndef pthread_create
  return ((int*)(&pthread_create))[argc];
#else
  (void)argc;
  return 0;
#endif
}

Determining if the function pthread_create exists in the pthreads failed with the following output:
Change Dir: /home/masta-p/aurora_test_ws/src/brain/build/CMakeFiles/CMakeTmp

Run Build Command:"/usr/bin/make" "cmTC_5cf0d/fast"
/usr/bin/make -f CMakeFiles/cmTC_5cf0d.dir/build.make CMakeFiles/cmTC_5cf0d.dir/build
make[1]: ingresso nella directory "/home/masta-p/aurora_test_ws/src/brain/build/CMakeFiles/CMakeTmp"
Building C object CMakeFiles/cmTC_5cf0d.dir/CheckFunctionExists.c.o
/usr/bin/gcc-7   -DCHECK_FUNCTION_EXISTS=pthread_create   -o CMakeFiles/cmTC_5cf0d.dir/CheckFunctionExists.c.o   -c /usr/share/cmake-3.10/Modules/CheckFunctionExists.c
Linking C executable cmTC_5cf0d
/usr/bin/cmake -E cmake_link_script CMakeFiles/cmTC_5cf0d.dir/link.txt --verbose=1
/usr/bin/gcc-7  -DCHECK_FUNCTION_EXISTS=pthread_create    -rdynamic CMakeFiles/cmTC_5cf0d.dir/CheckFunctionExists.c.o  -o cmTC_5cf0d -lpthreads 
/usr/bin/ld: impossibile trovare -lpthreads
collect2: error: ld returned 1 exit status
CMakeFiles/cmTC_5cf0d.dir/build.make:97: recipe for target 'cmTC_5cf0d' failed
make[1]: *** [cmTC_5cf0d] Error 1
make[1]: uscita dalla directory "/home/masta-p/aurora_test_ws/src/brain/build/CMakeFiles/CMakeTmp"
Makefile:126: recipe for target 'cmTC_5cf0d/fast' failed
make: *** [cmTC_5cf0d/fast] Error 2


